<?xml version="1.0" encoding="UTF-8"?>
<testng-results ignored="0" total="1" passed="1" failed="0" skipped="0">
  <reporter-output>
  </reporter-output>
  <suite started-at="2024-08-05T07:44:35Z" name="Default suite" finished-at="2024-08-05T07:44:42Z" duration-ms="6482">
    <groups>
    </groups>
    <test started-at="2024-08-05T07:44:35Z" name="Default test" finished-at="2024-08-05T07:44:42Z" duration-ms="6482">
      <class name="seleniumPackage.UploadFile">
        <test-method signature="UploadaFile()[pri:0, instance:seleniumPackage.UploadFile@3f9342d4]" started-at="2024-08-05T13:14:35Z" name="UploadaFile" finished-at="2024-08-05T13:14:42Z" duration-ms="6452" status="PASS">
          <reporter-output>
          </reporter-output>
        </test-method> <!-- UploadaFile -->
      </class> <!-- seleniumPackage.UploadFile -->
    </test> <!-- Default test -->
  </suite> <!-- Default suite -->
</testng-results>
